<!DOCTYPE html PUBLIC "-//W3C//DTD XHTML 1.1//EN" "http://www.w3.org/TR/xhtml11/DTD/xhtml11.dtd">
<html xmlns="http://www.w3.org/1999/xhtml"><head><title>TestNG Report</title><style type="text/css">table {margin-bottom:10px;border-collapse:collapse;empty-cells:show}th,td {border:1px solid #009;padding:.25em .5em}th {vertical-align:bottom}td {vertical-align:top}table a {font-weight:bold}.stripe td {background-color: #E6EBF9}.num {text-align:right}.passedodd td {background-color: #3F3}.passedeven td {background-color: #0A0}.skippedodd td {background-color: #DDD}.skippedeven td {background-color: #CCC}.failedodd td,.attn {background-color: #F33}.failedeven td,.stripe .attn {background-color: #D00}.stacktrace {white-space:pre;font-family:monospace}.totop {font-size:85%;text-align:center;border-bottom:2px solid #000}</style></head><body><table><tr><th>Test</th><th># Passed</th><th># Skipped</th><th># Failed</th><th>Time (ms)</th><th>Included Groups</th><th>Excluded Groups</th></tr><tr><th colspan="7">Amazon Login </th></tr><tr><td><a href="#t0">Amazon Login test</a></td><td class="num">1</td><td class="num attn">1</td><td class="num attn">1</td><td class="num">125,894</td><td></td><td></td></tr></table><table><thead><tr><th>Class</th><th>Method</th><th>Start</th><th>Time (ms)</th></tr></thead><tbody><tr><th colspan="4">Amazon Login </th></tr></tbody><tbody id="t0"><tr><th colspan="4">Amazon Login test &#8212; failed (configuration methods)</th></tr><tr class="failedeven"><td rowspan="1">amazonTest.HomepageTest</td><td><a href="#m0">setUp</a></td><td rowspan="1">1581326260672</td><td rowspan="1">0</td></tr><tr><th colspan="4">Amazon Login test &#8212; failed</th></tr><tr class="failedeven"><td rowspan="1">amazonTest.amazonPassTest</td><td><a href="#m1">enterpasstest</a></td><td rowspan="1">1581326358036</td><td rowspan="1">4</td></tr><tr><th colspan="4">Amazon Login test &#8212; skipped (configuration methods)</th></tr><tr class="skippedeven"><td rowspan="1">amazonTest.HomepageTest</td><td><a href="#m2">tearoff</a></td><td rowspan="1">1581326329720</td><td rowspan="1">0</td></tr><tr><th colspan="4">Amazon Login test &#8212; skipped</th></tr><tr class="skippedeven"><td rowspan="1">amazonTest.HomepageTest</td><td><a href="#m3">signinclicktest</a></td><td rowspan="1">1581326329633</td><td rowspan="1">24</td></tr><tr><th colspan="4">Amazon Login test &#8212; passed</th></tr><tr class="passedeven"><td rowspan="1">amazonTest.amazonEmailTest</td><td><a href="#m4">emailAddress</a></td><td rowspan="1">1581326329755</td><td rowspan="1">19371</td></tr></tbody></table><h2>Amazon Login test</h2><h3 id="m0">amazonTest.HomepageTest#setUp</h3><table class="result"><tr><th>Exception</th></tr><tr><td><div class="stacktrace">org.openqa.selenium.TimeoutException: timeout
  (Session info: chrome=80.0.3987.87)
Build info: version: &apos;4.0.0-alpha-4&apos;, revision: &apos;c2d955b49e&apos;
System info: host: &apos;UE-PC&apos;, ip: &apos;192.168.0.162&apos;, os.name: &apos;Windows 7&apos;, os.arch: &apos;amd64&apos;, os.version: &apos;6.1&apos;, java.version: &apos;1.8.0_181&apos;
Driver info: org.openqa.selenium.chrome.ChromeDriver
Capabilities {acceptInsecureCerts: false, browserName: chrome, browserVersion: 80.0.3987.87, chrome: {chromedriverVersion: 79.0.3945.36 (3582db32b3389..., userDataDir: C:\Users\UE\AppData\Local\T...}, goog:chromeOptions: {debuggerAddress: localhost:49348}, javascriptEnabled: true, networkConnectionEnabled: false, pageLoadStrategy: normal, platform: WINDOWS, platformName: WINDOWS, proxy: Proxy(), setWindowRect: true, strictFileInteractability: false, timeouts: {implicit: 0, pageLoad: 300000, script: 30000}, unhandledPromptBehavior: dismiss and notify}
Session ID: da5c28ca05f89c0097550f4566a4a4b9
	at org.openqa.selenium.remote.codec.w3c.W3CHttpResponseCodec.createException(W3CHttpResponseCodec.java:196)
	at org.openqa.selenium.remote.codec.w3c.W3CHttpResponseCodec.decode(W3CHttpResponseCodec.java:129)
	at org.openqa.selenium.remote.codec.w3c.W3CHttpResponseCodec.decode(W3CHttpResponseCodec.java:53)
	at org.openqa.selenium.remote.HttpCommandExecutor.execute(HttpCommandExecutor.java:161)
	at org.openqa.selenium.remote.service.DriverCommandExecutor.execute(DriverCommandExecutor.java:83)
	at org.openqa.selenium.remote.RemoteWebDriver.execute(RemoteWebDriver.java:582)
	at org.openqa.selenium.remote.RemoteWebDriver.get(RemoteWebDriver.java:282)
	at com.Amazon.qa.Base.amazonBaseClass.intialization(amazonBaseClass.java:65)
	at amazonTest.HomepageTest.setUp(HomepageTest.java:29)
... Removed 31 stack frames</div></td></tr></table><p class="totop"><a href="#summary">back to summary</a></p><h3 id="m1">amazonTest.amazonPassTest#enterpasstest</h3><table class="result"><tr><th>Exception</th></tr><tr><td><div class="stacktrace">java.lang.NullPointerException
	at amazonTest.amazonEmailTest.emailAddress(amazonEmailTest.java:37)
	at amazonTest.amazonPassTest.enterpasstest(amazonPassTest.java:37)
... Removed 25 stack frames</div></td></tr></table><p class="totop"><a href="#summary">back to summary</a></p><h3 id="m2">amazonTest.HomepageTest#tearoff</h3><table class="result"></table><p class="totop"><a href="#summary">back to summary</a></p><h3 id="m3">amazonTest.HomepageTest#signinclicktest</h3><table class="result"><tr><th>Exception</th></tr><tr><td><div class="stacktrace">org.openqa.selenium.TimeoutException: timeout
  (Session info: chrome=80.0.3987.87)
Build info: version: &apos;4.0.0-alpha-4&apos;, revision: &apos;c2d955b49e&apos;
System info: host: &apos;UE-PC&apos;, ip: &apos;192.168.0.162&apos;, os.name: &apos;Windows 7&apos;, os.arch: &apos;amd64&apos;, os.version: &apos;6.1&apos;, java.version: &apos;1.8.0_181&apos;
Driver info: org.openqa.selenium.chrome.ChromeDriver
Capabilities {acceptInsecureCerts: false, browserName: chrome, browserVersion: 80.0.3987.87, chrome: {chromedriverVersion: 79.0.3945.36 (3582db32b3389..., userDataDir: C:\Users\UE\AppData\Local\T...}, goog:chromeOptions: {debuggerAddress: localhost:49348}, javascriptEnabled: true, networkConnectionEnabled: false, pageLoadStrategy: normal, platform: WINDOWS, platformName: WINDOWS, proxy: Proxy(), setWindowRect: true, strictFileInteractability: false, timeouts: {implicit: 0, pageLoad: 300000, script: 30000}, unhandledPromptBehavior: dismiss and notify}
Session ID: da5c28ca05f89c0097550f4566a4a4b9
	at org.openqa.selenium.remote.codec.w3c.W3CHttpResponseCodec.createException(W3CHttpResponseCodec.java:196)
	at org.openqa.selenium.remote.codec.w3c.W3CHttpResponseCodec.decode(W3CHttpResponseCodec.java:129)
	at org.openqa.selenium.remote.codec.w3c.W3CHttpResponseCodec.decode(W3CHttpResponseCodec.java:53)
	at org.openqa.selenium.remote.HttpCommandExecutor.execute(HttpCommandExecutor.java:161)
	at org.openqa.selenium.remote.service.DriverCommandExecutor.execute(DriverCommandExecutor.java:83)
	at org.openqa.selenium.remote.RemoteWebDriver.execute(RemoteWebDriver.java:582)
	at org.openqa.selenium.remote.RemoteWebDriver.get(RemoteWebDriver.java:282)
	at com.Amazon.qa.Base.amazonBaseClass.intialization(amazonBaseClass.java:65)
	at amazonTest.HomepageTest.setUp(HomepageTest.java:29)
... Removed 31 stack frames</div></td></tr></table><p class="totop"><a href="#summary">back to summary</a></p><h3 id="m4">amazonTest.amazonEmailTest#emailAddress</h3><table class="result"></table><p class="totop"><a href="#summary">back to summary</a></p></body></html>